<?xml version="1.0" encoding="UTF-8"?>
<!-- Generated by org.testng.reporters.JUnitXMLReporter -->
<testsuite ignored="0" hostname="Ayaz.local" failures="1" tests="1" name="Default test" time="5.415" errors="0" timestamp="25 Sep 2019 11:14:46 GMT">
  <testcase classname="io.cucumber.testng.AbstractTestNGCucumberTests" name="runScenario" time="5.201">
    <failure type="java.lang.AssertionError" message="result title doesn&amp;apos;t contain searched string expected [true] but found [false]">
      <![CDATA[java.lang.AssertionError: result title doesn't contain searched string expected [true] but found [false]
]]>
    </failure>
  </testcase> <!-- runScenario -->
</testsuite> <!-- Default test -->
